[codigosdarenda.com/index.html]
[backblue.gif]
[fade.gif]
[index.html]
[kit.fontawesome.com/47947ba139.js]
[cdn.jsdelivr.net/npm/bootstrap@5.1.3/dist/css/bootstrap.min.css]
[codigosdarenda.com/styles/extra43a0.css]
[cdnjs.cloudflare.com/ajax/libs/flickity/1.0.0/flickity.css]
[stackpath.bootstrapcdn.com/bootstrap/4.5.0/css/bootstrap.min.css]
[maxcdn.bootstrapcdn.com/font-awesome/4.7.0/css/font-awesome.min.css]
[code.jquery.com/jquery-3.5.1.min.js]
[cdn.jsdelivr.net/npm/popper.js@1.16.0/dist/umd/popper.min.js]
[stackpath.bootstrapcdn.com/bootstrap/4.5.0/js/bootstrap.min.js]
[codigosdarenda.com/imagens/back15e1f.png]
[codigosdarenda.com/imagens/back25e1f.png]
[codigosdarenda.com/imagens/fundo5e1f.jpg]
[codigosdarenda.com/imagens/logo5e1f.svg]
[codigosdarenda.com/imagens/volume-high-solid5e1f.svg]
[codigosdarenda.com/imagens/comprasegura25e1f.png]
[codigosdarenda.com/imagens/mao5e1f.png]
[codigosdarenda.com/imagens/tel15e1f.png]
[codigosdarenda.com/imagens/tel35e1f.png]
[codigosdarenda.com/imagens/tel25e1f.png]
[codigosdarenda.com/imagens/comprasegura5e1f.png]
[codigosdarenda.com/imagens/cel15e1f.png]
[codigosdarenda.com/imagens/cel25e1f.png]
[codigosdarenda.com/imagens/cel35e1f.png]
[codigosdarenda.com/imagens/cel45e1f.png]
[codigosdarenda.com/imagens/cel55e1f.png]
[codigosdarenda.com/imagens/eurosd5e1f.png]
[codigosdarenda.com/imagens/doiscel5e1f.png]
[codigosdarenda.com/imagens/2cel5e1f.png]
[codigosdarenda.com/imagens/7dias5e1f.png]
[codigosdarenda.com/imagens/siteblindado5e1f.png]
[codigosdarenda.com/imagens/master5e1f.png]
[codigosdarenda.com/imagens/visa5e1f.png]
[codigosdarenda.com/imagens/elo5e1f.png]
[codigosdarenda.com/imagens/american5e1f.png]
[codigosdarenda.com/imagens/diners5e1f.png]
[codigosdarenda.com/imagens/boleto5e1f.png]
[cdn.jsdelivr.net/npm/bootstrap@5.1.3/dist/js/bootstrap.bundle.min.js]
[codigosdarenda.com/scripts/jquery-3.3.1ae52.js]
[codigosdarenda.com/scripts/youtube-mobilefb1bc164.js]
[cdnjs.cloudflare.com/ajax/libs/flickity/1.0.0/flickity.pkgd.js]
[codigosdarenda.com/index.html]
[cdn.jsdelivr.net/npm/bootstrap@5.1.3/dist/css/bootstrap.min.css]
[cdnjs.cloudflare.com/ajax/libs/jquery/3.3.1/jquery.min.js]
[codigosdarenda.com/imagens/tap-sound1b264b6d.png]
[codigosdarenda.com/imagens/video-cover1b264b6d.png]
[codigosdarenda.com/styles/extra43a0.css]
[cdnjs.cloudflare.com/ajax/libs/flickity/1.0.0/flickity.css]
[stackpath.bootstrapcdn.com/bootstrap/4.5.0/css/bootstrap.min.css]
[maxcdn.bootstrapcdn.com/font-awesome/4.7.0/css/font-awesome.min.css]
[codigosdarenda.com/imagens/logo5e1f.svg]
[codigosdarenda.com/imagens/volume-high-solid5e1f.svg]
